DEBUG main uas.facerecognition.lblda.Main - OpenCV library loaded successfully
INFO main uas.facerecognition.lblda.Main - Training started..
DEBUG main uas.facerecognition.lblda.LBLDATrainer - Total samples loaded in to system: 13233
INFO main uas.facerecognition.lblda.LBLDATrainer - Creating Subspace
INFO main uas.facerecognition.lblda.lib.local.LocalSubspaceGenerator - Generating Subspace
INFO main uas.facerecognition.lblda.lib.local.LocalSubspaceGenerator - init Local Descriptor
DEBUG main uas.facerecognition.lblda.lib.local.LocalSubspaceGenerator - LocalDescriptor size :8
INFO main uas.facerecognition.lblda.lib.local.LocalSubspaceGenerator - Creating Local subspaces for regions
DEBUG main uas.facerecognition.lblda.lib.local.LocalSubspaceGenerator - Generating Subspace for DescriptorIndex:0. Total sample size: 13233
DEBUG main uas.facerecognition.lblda.lib.LDASubspaceGenerator - LDASubspace Generator loaded..
DEBUG main uas.facerecognition.lblda.lib.LDASubspaceGenerator - Performing PCA first. why?
DEBUG main uas.facerecognition.lblda.lib.PCASubspaceGenerator - Calling Garbage Collector...
DEBUG main uas.facerecognition.lblda.lib.PCASubspaceGenerator - Computing Covariance Matrix
DEBUG main uas.facerecognition.lblda.lib.PCASubspaceGenerator - Computing eigenvectors...
DEBUG main uas.facerecognition.lblda.lib.PCASubspaceGenerator - EigenVector total length: 1048576. Columns: 1024
DEBUG main uas.facerecognition.lblda.lib.PCASubspaceGenerator - Eigen Values: 1024,1024
DEBUG main uas.facerecognition.lblda.lib.PCASubspaceGenerator - Cleaning using Garbage Collector...
DEBUG main uas.facerecognition.lblda.lib.PCASubspaceGenerator - Saving subspace data...
DEBUG main uas.facerecognition.lblda.lib.PCASubspaceGenerator - SUBSPACE_PCA,1024,1024,1024,1048576,1024
DEBUG main uas.facerecognition.lblda.lib.PCASubspaceGenerator - Sorting SubspceAxes and AxesCriteria Function in descending order..
DEBUG main uas.facerecognition.lblda.lib.PCASubspaceGenerator - Normalizing Subspaces..
DEBUG main uas.facerecognition.lblda.lib.PCASubspaceGenerator - Trimming Subspaces to 13232 length.
DEBUG main uas.facerecognition.lblda.lib.LDASubspaceGenerator - Projecting samples into low-dimensional subspace...
DEBUG main uas.facerecognition.lblda.lib.LDASubspaceGenerator - Getting Beetween-class and Within-class variance matrices...
DEBUG main uas.facerecognition.lblda.lib.SampleContainer - Calling Garbage Collector in SampleContainer...
DEBUG main uas.facerecognition.lblda.lib.LDASubspaceGenerator - Computing generalized eigenvectors...
DEBUG main uas.facerecognition.lblda.lib.LDASubspaceGenerator - Generalized EigenVector total length: 40000. Columns: 200
DEBUG main uas.facerecognition.lblda.lib.LDASubspaceGenerator - Generalized Eigen Values: 1 and  Rows: 200
DEBUG main uas.facerecognition.lblda.lib.LDASubspaceGenerator - Computing final subspace...
DEBUG main uas.facerecognition.lblda.lib.LDASubspaceGenerator - Saving final subspace of SUBSPACE_LDA
DEBUG main uas.facerecognition.lblda.lib.LDASubspaceGenerator - Sorting SubspceAxes and AxesCriteria Function in descending order..
DEBUG main uas.facerecognition.lblda.lib.LDASubspaceGenerator - Normalizing Subspaces..
DEBUG main uas.facerecognition.lblda.lib.LDASubspaceGenerator - Trimming Subspaces to 5748 length.
DEBUG main uas.facerecognition.lblda.lib.local.LocalSubspaceGenerator - Generating Subspace for DescriptorIndex:1. Total sample size: 13233
DEBUG main uas.facerecognition.lblda.lib.LDASubspaceGenerator - LDASubspace Generator loaded..
DEBUG main uas.facerecognition.lblda.lib.LDASubspaceGenerator - Performing PCA first. why?
DEBUG main uas.facerecognition.lblda.lib.PCASubspaceGenerator - Calling Garbage Collector...
DEBUG main uas.facerecognition.lblda.lib.PCASubspaceGenerator - Computing Covariance Matrix
DEBUG main uas.facerecognition.lblda.lib.PCASubspaceGenerator - Computing eigenvectors...
DEBUG main uas.facerecognition.lblda.lib.PCASubspaceGenerator - EigenVector total length: 1048576. Columns: 1024
DEBUG main uas.facerecognition.lblda.lib.PCASubspaceGenerator - Eigen Values: 1024,1024
DEBUG main uas.facerecognition.lblda.lib.PCASubspaceGenerator - Cleaning using Garbage Collector...
DEBUG main uas.facerecognition.lblda.lib.PCASubspaceGenerator - Saving subspace data...
DEBUG main uas.facerecognition.lblda.lib.PCASubspaceGenerator - SUBSPACE_PCA,1024,1024,1024,1048576,1024
DEBUG main uas.facerecognition.lblda.lib.PCASubspaceGenerator - Sorting SubspceAxes and AxesCriteria Function in descending order..
DEBUG main uas.facerecognition.lblda.lib.PCASubspaceGenerator - Normalizing Subspaces..
DEBUG main uas.facerecognition.lblda.lib.PCASubspaceGenerator - Trimming Subspaces to 13232 length.
DEBUG main uas.facerecognition.lblda.lib.LDASubspaceGenerator - Projecting samples into low-dimensional subspace...
DEBUG main uas.facerecognition.lblda.lib.LDASubspaceGenerator - Getting Beetween-class and Within-class variance matrices...
DEBUG main uas.facerecognition.lblda.lib.SampleContainer - Calling Garbage Collector in SampleContainer...
DEBUG main uas.facerecognition.lblda.lib.LDASubspaceGenerator - Computing generalized eigenvectors...
DEBUG main uas.facerecognition.lblda.lib.LDASubspaceGenerator - Generalized EigenVector total length: 40000. Columns: 200
DEBUG main uas.facerecognition.lblda.lib.LDASubspaceGenerator - Generalized Eigen Values: 1 and  Rows: 200
DEBUG main uas.facerecognition.lblda.lib.LDASubspaceGenerator - Computing final subspace...
DEBUG main uas.facerecognition.lblda.lib.LDASubspaceGenerator - Saving final subspace of SUBSPACE_LDA
DEBUG main uas.facerecognition.lblda.lib.LDASubspaceGenerator - Sorting SubspceAxes and AxesCriteria Function in descending order..
DEBUG main uas.facerecognition.lblda.lib.LDASubspaceGenerator - Normalizing Subspaces..
DEBUG main uas.facerecognition.lblda.lib.LDASubspaceGenerator - Trimming Subspaces to 5748 length.
DEBUG main uas.facerecognition.lblda.lib.local.LocalSubspaceGenerator - Generating Subspace for DescriptorIndex:2. Total sample size: 13233
DEBUG main uas.facerecognition.lblda.lib.LDASubspaceGenerator - LDASubspace Generator loaded..
DEBUG main uas.facerecognition.lblda.lib.LDASubspaceGenerator - Performing PCA first. why?
DEBUG main uas.facerecognition.lblda.lib.PCASubspaceGenerator - Calling Garbage Collector...
DEBUG main uas.facerecognition.lblda.lib.PCASubspaceGenerator - Computing Covariance Matrix
DEBUG main uas.facerecognition.lblda.lib.PCASubspaceGenerator - Computing eigenvectors...
DEBUG main uas.facerecognition.lblda.lib.PCASubspaceGenerator - EigenVector total length: 1048576. Columns: 1024
DEBUG main uas.facerecognition.lblda.lib.PCASubspaceGenerator - Eigen Values: 1024,1024
DEBUG main uas.facerecognition.lblda.lib.PCASubspaceGenerator - Cleaning using Garbage Collector...
DEBUG main uas.facerecognition.lblda.lib.PCASubspaceGenerator - Saving subspace data...
DEBUG main uas.facerecognition.lblda.lib.PCASubspaceGenerator - SUBSPACE_PCA,1024,1024,1024,1048576,1024
DEBUG main uas.facerecognition.lblda.lib.PCASubspaceGenerator - Sorting SubspceAxes and AxesCriteria Function in descending order..
DEBUG main uas.facerecognition.lblda.lib.PCASubspaceGenerator - Normalizing Subspaces..
DEBUG main uas.facerecognition.lblda.lib.PCASubspaceGenerator - Trimming Subspaces to 13232 length.
DEBUG main uas.facerecognition.lblda.lib.LDASubspaceGenerator - Projecting samples into low-dimensional subspace...
DEBUG main uas.facerecognition.lblda.lib.LDASubspaceGenerator - Getting Beetween-class and Within-class variance matrices...
DEBUG main uas.facerecognition.lblda.lib.SampleContainer - Calling Garbage Collector in SampleContainer...
DEBUG main uas.facerecognition.lblda.lib.LDASubspaceGenerator - Computing generalized eigenvectors...
DEBUG main uas.facerecognition.lblda.lib.LDASubspaceGenerator - Generalized EigenVector total length: 40000. Columns: 200
DEBUG main uas.facerecognition.lblda.lib.LDASubspaceGenerator - Generalized Eigen Values: 1 and  Rows: 200
DEBUG main uas.facerecognition.lblda.lib.LDASubspaceGenerator - Computing final subspace...
DEBUG main uas.facerecognition.lblda.lib.LDASubspaceGenerator - Saving final subspace of SUBSPACE_LDA
DEBUG main uas.facerecognition.lblda.lib.LDASubspaceGenerator - Sorting SubspceAxes and AxesCriteria Function in descending order..
DEBUG main uas.facerecognition.lblda.lib.LDASubspaceGenerator - Normalizing Subspaces..
DEBUG main uas.facerecognition.lblda.lib.LDASubspaceGenerator - Trimming Subspaces to 5748 length.
DEBUG main uas.facerecognition.lblda.lib.local.LocalSubspaceGenerator - Generating Subspace for DescriptorIndex:3. Total sample size: 13233
DEBUG main uas.facerecognition.lblda.lib.LDASubspaceGenerator - LDASubspace Generator loaded..
DEBUG main uas.facerecognition.lblda.lib.LDASubspaceGenerator - Performing PCA first. why?
DEBUG main uas.facerecognition.lblda.lib.PCASubspaceGenerator - Calling Garbage Collector...
DEBUG main uas.facerecognition.lblda.lib.PCASubspaceGenerator - Computing Covariance Matrix
DEBUG main uas.facerecognition.lblda.lib.PCASubspaceGenerator - Computing eigenvectors...
DEBUG main uas.facerecognition.lblda.lib.PCASubspaceGenerator - EigenVector total length: 1048576. Columns: 1024
DEBUG main uas.facerecognition.lblda.lib.PCASubspaceGenerator - Eigen Values: 1024,1024
DEBUG main uas.facerecognition.lblda.lib.PCASubspaceGenerator - Cleaning using Garbage Collector...
DEBUG main uas.facerecognition.lblda.lib.PCASubspaceGenerator - Saving subspace data...
DEBUG main uas.facerecognition.lblda.lib.PCASubspaceGenerator - SUBSPACE_PCA,1024,1024,1024,1048576,1024
DEBUG main uas.facerecognition.lblda.lib.PCASubspaceGenerator - Sorting SubspceAxes and AxesCriteria Function in descending order..
DEBUG main uas.facerecognition.lblda.lib.PCASubspaceGenerator - Normalizing Subspaces..
DEBUG main uas.facerecognition.lblda.lib.PCASubspaceGenerator - Trimming Subspaces to 13232 length.
DEBUG main uas.facerecognition.lblda.lib.LDASubspaceGenerator - Projecting samples into low-dimensional subspace...
DEBUG main uas.facerecognition.lblda.lib.LDASubspaceGenerator - Getting Beetween-class and Within-class variance matrices...
DEBUG main uas.facerecognition.lblda.lib.SampleContainer - Calling Garbage Collector in SampleContainer...
DEBUG main uas.facerecognition.lblda.lib.LDASubspaceGenerator - Computing generalized eigenvectors...
DEBUG main uas.facerecognition.lblda.lib.LDASubspaceGenerator - Generalized EigenVector total length: 40000. Columns: 200
DEBUG main uas.facerecognition.lblda.lib.LDASubspaceGenerator - Generalized Eigen Values: 1 and  Rows: 200
DEBUG main uas.facerecognition.lblda.lib.LDASubspaceGenerator - Computing final subspace...
DEBUG main uas.facerecognition.lblda.lib.LDASubspaceGenerator - Saving final subspace of SUBSPACE_LDA
DEBUG main uas.facerecognition.lblda.lib.LDASubspaceGenerator - Sorting SubspceAxes and AxesCriteria Function in descending order..
DEBUG main uas.facerecognition.lblda.lib.LDASubspaceGenerator - Normalizing Subspaces..
DEBUG main uas.facerecognition.lblda.lib.LDASubspaceGenerator - Trimming Subspaces to 5748 length.
DEBUG main uas.facerecognition.lblda.lib.local.LocalSubspaceGenerator - Generating Subspace for DescriptorIndex:4. Total sample size: 13233
DEBUG main uas.facerecognition.lblda.lib.LDASubspaceGenerator - LDASubspace Generator loaded..
DEBUG main uas.facerecognition.lblda.lib.LDASubspaceGenerator - Performing PCA first. why?
DEBUG main uas.facerecognition.lblda.lib.PCASubspaceGenerator - Calling Garbage Collector...
DEBUG main uas.facerecognition.lblda.lib.PCASubspaceGenerator - Computing Covariance Matrix
DEBUG main uas.facerecognition.lblda.lib.PCASubspaceGenerator - Computing eigenvectors...
DEBUG main uas.facerecognition.lblda.lib.PCASubspaceGenerator - EigenVector total length: 1048576. Columns: 1024
DEBUG main uas.facerecognition.lblda.lib.PCASubspaceGenerator - Eigen Values: 1024,1024
DEBUG main uas.facerecognition.lblda.lib.PCASubspaceGenerator - Cleaning using Garbage Collector...
DEBUG main uas.facerecognition.lblda.lib.PCASubspaceGenerator - Saving subspace data...
DEBUG main uas.facerecognition.lblda.lib.PCASubspaceGenerator - SUBSPACE_PCA,1024,1024,1024,1048576,1024
DEBUG main uas.facerecognition.lblda.lib.PCASubspaceGenerator - Sorting SubspceAxes and AxesCriteria Function in descending order..
DEBUG main uas.facerecognition.lblda.lib.PCASubspaceGenerator - Normalizing Subspaces..
DEBUG main uas.facerecognition.lblda.lib.PCASubspaceGenerator - Trimming Subspaces to 13232 length.
DEBUG main uas.facerecognition.lblda.lib.LDASubspaceGenerator - Projecting samples into low-dimensional subspace...
DEBUG main uas.facerecognition.lblda.lib.LDASubspaceGenerator - Getting Beetween-class and Within-class variance matrices...
DEBUG main uas.facerecognition.lblda.lib.SampleContainer - Calling Garbage Collector in SampleContainer...
DEBUG main uas.facerecognition.lblda.lib.LDASubspaceGenerator - Computing generalized eigenvectors...
DEBUG main uas.facerecognition.lblda.lib.LDASubspaceGenerator - Generalized EigenVector total length: 40000. Columns: 200
DEBUG main uas.facerecognition.lblda.lib.LDASubspaceGenerator - Generalized Eigen Values: 1 and  Rows: 200
DEBUG main uas.facerecognition.lblda.lib.LDASubspaceGenerator - Computing final subspace...
DEBUG main uas.facerecognition.lblda.lib.LDASubspaceGenerator - Saving final subspace of SUBSPACE_LDA
DEBUG main uas.facerecognition.lblda.lib.LDASubspaceGenerator - Sorting SubspceAxes and AxesCriteria Function in descending order..
DEBUG main uas.facerecognition.lblda.lib.LDASubspaceGenerator - Normalizing Subspaces..
DEBUG main uas.facerecognition.lblda.lib.LDASubspaceGenerator - Trimming Subspaces to 5748 length.
DEBUG main uas.facerecognition.lblda.lib.local.LocalSubspaceGenerator - Generating Subspace for DescriptorIndex:5. Total sample size: 13233
DEBUG main uas.facerecognition.lblda.lib.LDASubspaceGenerator - LDASubspace Generator loaded..
DEBUG main uas.facerecognition.lblda.lib.LDASubspaceGenerator - Performing PCA first. why?
DEBUG main uas.facerecognition.lblda.lib.PCASubspaceGenerator - Calling Garbage Collector...
DEBUG main uas.facerecognition.lblda.lib.PCASubspaceGenerator - Computing Covariance Matrix
DEBUG main uas.facerecognition.lblda.lib.PCASubspaceGenerator - Computing eigenvectors...
DEBUG main uas.facerecognition.lblda.lib.PCASubspaceGenerator - EigenVector total length: 1048576. Columns: 1024
DEBUG main uas.facerecognition.lblda.lib.PCASubspaceGenerator - Eigen Values: 1024,1024
DEBUG main uas.facerecognition.lblda.lib.PCASubspaceGenerator - Cleaning using Garbage Collector...
DEBUG main uas.facerecognition.lblda.lib.PCASubspaceGenerator - Saving subspace data...
DEBUG main uas.facerecognition.lblda.lib.PCASubspaceGenerator - SUBSPACE_PCA,1024,1024,1024,1048576,1024
DEBUG main uas.facerecognition.lblda.lib.PCASubspaceGenerator - Sorting SubspceAxes and AxesCriteria Function in descending order..
DEBUG main uas.facerecognition.lblda.lib.PCASubspaceGenerator - Normalizing Subspaces..
DEBUG main uas.facerecognition.lblda.lib.PCASubspaceGenerator - Trimming Subspaces to 13232 length.
DEBUG main uas.facerecognition.lblda.lib.LDASubspaceGenerator - Projecting samples into low-dimensional subspace...
DEBUG main uas.facerecognition.lblda.lib.LDASubspaceGenerator - Getting Beetween-class and Within-class variance matrices...
DEBUG main uas.facerecognition.lblda.lib.SampleContainer - Calling Garbage Collector in SampleContainer...
DEBUG main uas.facerecognition.lblda.lib.LDASubspaceGenerator - Computing generalized eigenvectors...
DEBUG main uas.facerecognition.lblda.lib.LDASubspaceGenerator - Generalized EigenVector total length: 40000. Columns: 200
DEBUG main uas.facerecognition.lblda.lib.LDASubspaceGenerator - Generalized Eigen Values: 1 and  Rows: 200
DEBUG main uas.facerecognition.lblda.lib.LDASubspaceGenerator - Computing final subspace...
DEBUG main uas.facerecognition.lblda.lib.LDASubspaceGenerator - Saving final subspace of SUBSPACE_LDA
DEBUG main uas.facerecognition.lblda.lib.LDASubspaceGenerator - Sorting SubspceAxes and AxesCriteria Function in descending order..
DEBUG main uas.facerecognition.lblda.lib.LDASubspaceGenerator - Normalizing Subspaces..
DEBUG main uas.facerecognition.lblda.lib.LDASubspaceGenerator - Trimming Subspaces to 5748 length.
DEBUG main uas.facerecognition.lblda.lib.local.LocalSubspaceGenerator - Generating Subspace for DescriptorIndex:6. Total sample size: 13233
DEBUG main uas.facerecognition.lblda.lib.LDASubspaceGenerator - LDASubspace Generator loaded..
DEBUG main uas.facerecognition.lblda.lib.LDASubspaceGenerator - Performing PCA first. why?
DEBUG main uas.facerecognition.lblda.lib.PCASubspaceGenerator - Calling Garbage Collector...
DEBUG main uas.facerecognition.lblda.lib.PCASubspaceGenerator - Computing Covariance Matrix
DEBUG main uas.facerecognition.lblda.lib.PCASubspaceGenerator - Computing eigenvectors...
DEBUG main uas.facerecognition.lblda.lib.PCASubspaceGenerator - EigenVector total length: 1048576. Columns: 1024
DEBUG main uas.facerecognition.lblda.lib.PCASubspaceGenerator - Eigen Values: 1024,1024
DEBUG main uas.facerecognition.lblda.lib.PCASubspaceGenerator - Cleaning using Garbage Collector...
DEBUG main uas.facerecognition.lblda.lib.PCASubspaceGenerator - Saving subspace data...
DEBUG main uas.facerecognition.lblda.lib.PCASubspaceGenerator - SUBSPACE_PCA,1024,1024,1024,1048576,1024
DEBUG main uas.facerecognition.lblda.lib.PCASubspaceGenerator - Sorting SubspceAxes and AxesCriteria Function in descending order..
DEBUG main uas.facerecognition.lblda.lib.PCASubspaceGenerator - Normalizing Subspaces..
DEBUG main uas.facerecognition.lblda.lib.PCASubspaceGenerator - Trimming Subspaces to 13232 length.
DEBUG main uas.facerecognition.lblda.lib.LDASubspaceGenerator - Projecting samples into low-dimensional subspace...
DEBUG main uas.facerecognition.lblda.lib.LDASubspaceGenerator - Getting Beetween-class and Within-class variance matrices...
DEBUG main uas.facerecognition.lblda.lib.SampleContainer - Calling Garbage Collector in SampleContainer...
DEBUG main uas.facerecognition.lblda.lib.LDASubspaceGenerator - Computing generalized eigenvectors...
DEBUG main uas.facerecognition.lblda.lib.LDASubspaceGenerator - Generalized EigenVector total length: 40000. Columns: 200
DEBUG main uas.facerecognition.lblda.lib.LDASubspaceGenerator - Generalized Eigen Values: 1 and  Rows: 200
DEBUG main uas.facerecognition.lblda.lib.LDASubspaceGenerator - Computing final subspace...
DEBUG main uas.facerecognition.lblda.lib.LDASubspaceGenerator - Saving final subspace of SUBSPACE_LDA
DEBUG main uas.facerecognition.lblda.lib.LDASubspaceGenerator - Sorting SubspceAxes and AxesCriteria Function in descending order..
DEBUG main uas.facerecognition.lblda.lib.LDASubspaceGenerator - Normalizing Subspaces..
DEBUG main uas.facerecognition.lblda.lib.LDASubspaceGenerator - Trimming Subspaces to 5748 length.
DEBUG main uas.facerecognition.lblda.lib.local.LocalSubspaceGenerator - Generating Subspace for DescriptorIndex:7. Total sample size: 13233
DEBUG main uas.facerecognition.lblda.lib.LDASubspaceGenerator - LDASubspace Generator loaded..
DEBUG main uas.facerecognition.lblda.lib.LDASubspaceGenerator - Performing PCA first. why?
DEBUG main uas.facerecognition.lblda.lib.PCASubspaceGenerator - Calling Garbage Collector...
DEBUG main uas.facerecognition.lblda.lib.PCASubspaceGenerator - Computing Covariance Matrix
DEBUG main uas.facerecognition.lblda.lib.PCASubspaceGenerator - Computing eigenvectors...
DEBUG main uas.facerecognition.lblda.lib.PCASubspaceGenerator - EigenVector total length: 1048576. Columns: 1024
DEBUG main uas.facerecognition.lblda.lib.PCASubspaceGenerator - Eigen Values: 1024,1024
DEBUG main uas.facerecognition.lblda.lib.PCASubspaceGenerator - Cleaning using Garbage Collector...
DEBUG main uas.facerecognition.lblda.lib.PCASubspaceGenerator - Saving subspace data...
DEBUG main uas.facerecognition.lblda.lib.PCASubspaceGenerator - SUBSPACE_PCA,1024,1024,1024,1048576,1024
DEBUG main uas.facerecognition.lblda.lib.PCASubspaceGenerator - Sorting SubspceAxes and AxesCriteria Function in descending order..
DEBUG main uas.facerecognition.lblda.lib.PCASubspaceGenerator - Normalizing Subspaces..
DEBUG main uas.facerecognition.lblda.lib.PCASubspaceGenerator - Trimming Subspaces to 13232 length.
DEBUG main uas.facerecognition.lblda.lib.LDASubspaceGenerator - Projecting samples into low-dimensional subspace...
DEBUG main uas.facerecognition.lblda.lib.LDASubspaceGenerator - Getting Beetween-class and Within-class variance matrices...
DEBUG main uas.facerecognition.lblda.lib.SampleContainer - Calling Garbage Collector in SampleContainer...
DEBUG main uas.facerecognition.lblda.lib.LDASubspaceGenerator - Computing generalized eigenvectors...
DEBUG main uas.facerecognition.lblda.lib.LDASubspaceGenerator - Generalized EigenVector total length: 40000. Columns: 200
DEBUG main uas.facerecognition.lblda.lib.LDASubspaceGenerator - Generalized Eigen Values: 1 and  Rows: 200
DEBUG main uas.facerecognition.lblda.lib.LDASubspaceGenerator - Computing final subspace...
DEBUG main uas.facerecognition.lblda.lib.LDASubspaceGenerator - Saving final subspace of SUBSPACE_LDA
DEBUG main uas.facerecognition.lblda.lib.LDASubspaceGenerator - Sorting SubspceAxes and AxesCriteria Function in descending order..
DEBUG main uas.facerecognition.lblda.lib.LDASubspaceGenerator - Normalizing Subspaces..
DEBUG main uas.facerecognition.lblda.lib.LDASubspaceGenerator - Trimming Subspaces to 5748 length.
INFO main uas.facerecognition.lblda.lib.local.LocalSubspaceGenerator - mearging Local subspaces of regions
DEBUG main uas.facerecognition.lblda.Main - OpenCV library loaded successfully
INFO main uas.facerecognition.lblda.Main - Training started..
DEBUG main uas.facerecognition.lblda.LBLDATrainer - Total samples loaded in to system: 13233
INFO main uas.facerecognition.lblda.LBLDATrainer - Creating Subspace
INFO main uas.facerecognition.lblda.lib.local.LocalSubspaceGenerator - Generating Subspace
INFO main uas.facerecognition.lblda.lib.local.LocalSubspaceGenerator - init Local Descriptor
DEBUG main uas.facerecognition.lblda.lib.local.LocalSubspaceGenerator - LocalDescriptor size :8
INFO main uas.facerecognition.lblda.lib.local.LocalSubspaceGenerator - Creating Local subspaces for regions
DEBUG main uas.facerecognition.lblda.lib.local.LocalSubspaceGenerator - Generating Subspace for DescriptorIndex:0. Total sample size: 13233
DEBUG main uas.facerecognition.lblda.lib.LDASubspaceGenerator - LDASubspace Generator loaded..
DEBUG main uas.facerecognition.lblda.lib.LDASubspaceGenerator - Performing PCA first. why?
DEBUG main uas.facerecognition.lblda.lib.PCASubspaceGenerator - Calling Garbage Collector...
DEBUG main uas.facerecognition.lblda.lib.PCASubspaceGenerator - Computing Covariance Matrix
DEBUG main uas.facerecognition.lblda.lib.PCASubspaceGenerator - Computing eigenvectors...
DEBUG main uas.facerecognition.lblda.lib.PCASubspaceGenerator - EigenVector total length: 1048576. Columns: 1024
DEBUG main uas.facerecognition.lblda.lib.PCASubspaceGenerator - Eigen Values: 1024,1024
DEBUG main uas.facerecognition.lblda.lib.PCASubspaceGenerator - Cleaning using Garbage Collector...
DEBUG main uas.facerecognition.lblda.lib.PCASubspaceGenerator - Saving subspace data...
DEBUG main uas.facerecognition.lblda.lib.PCASubspaceGenerator - SUBSPACE_PCA,1024,1024,1024,1048576,1024
DEBUG main uas.facerecognition.lblda.lib.PCASubspaceGenerator - Sorting SubspceAxes and AxesCriteria Function in descending order..
DEBUG main uas.facerecognition.lblda.lib.PCASubspaceGenerator - Normalizing Subspaces..
DEBUG main uas.facerecognition.lblda.lib.PCASubspaceGenerator - Trimming Subspaces to 13232 length.
DEBUG main uas.facerecognition.lblda.lib.LDASubspaceGenerator - Projecting samples into low-dimensional subspace...
DEBUG main uas.facerecognition.lblda.lib.LDASubspaceGenerator - Getting Beetween-class and Within-class variance matrices...
DEBUG main uas.facerecognition.lblda.lib.SampleContainer - Calling Garbage Collector in SampleContainer...
DEBUG main uas.facerecognition.lblda.lib.LDASubspaceGenerator - Computing generalized eigenvectors...
DEBUG main uas.facerecognition.lblda.lib.LDASubspaceGenerator - Generalized EigenVector total length: 40000. Columns: 200
DEBUG main uas.facerecognition.lblda.lib.LDASubspaceGenerator - Generalized Eigen Values: 1 and  Rows: 200
DEBUG main uas.facerecognition.lblda.lib.LDASubspaceGenerator - Computing final subspace...
DEBUG main uas.facerecognition.lblda.lib.LDASubspaceGenerator - Saving final subspace of SUBSPACE_LDA
DEBUG main uas.facerecognition.lblda.lib.LDASubspaceGenerator - Sorting SubspceAxes and AxesCriteria Function in descending order..
DEBUG main uas.facerecognition.lblda.lib.LDASubspaceGenerator - Normalizing Subspaces..
DEBUG main uas.facerecognition.lblda.lib.LDASubspaceGenerator - Trimming Subspaces to 5748 length.
DEBUG main uas.facerecognition.lblda.lib.local.LocalSubspaceGenerator - Generating Subspace for DescriptorIndex:1. Total sample size: 13233
DEBUG main uas.facerecognition.lblda.lib.LDASubspaceGenerator - LDASubspace Generator loaded..
DEBUG main uas.facerecognition.lblda.lib.LDASubspaceGenerator - Performing PCA first. why?
DEBUG main uas.facerecognition.lblda.Main - OpenCV library loaded successfully
INFO main uas.facerecognition.lblda.Main - Training started..
DEBUG main uas.facerecognition.lblda.LBLDATrainer - Total samples loaded in to system: 13233
INFO main uas.facerecognition.lblda.LBLDATrainer - Creating Subspace
INFO main uas.facerecognition.lblda.lib.local.LocalSubspaceGenerator - Generating Subspace
INFO main uas.facerecognition.lblda.lib.local.LocalSubspaceGenerator - init Local Descriptor
DEBUG main uas.facerecognition.lblda.lib.local.LocalSubspaceGenerator - LocalDescriptor size :8
INFO main uas.facerecognition.lblda.lib.local.LocalSubspaceGenerator - Creating Local subspaces for regions
DEBUG main uas.facerecognition.lblda.lib.local.LocalSubspaceGenerator - Generating Subspace for DescriptorIndex:0. Total sample size: 13233
DEBUG main uas.facerecognition.lblda.lib.LDASubspaceGenerator - LDASubspace Generator loaded..
DEBUG main uas.facerecognition.lblda.lib.LDASubspaceGenerator - Performing PCA first. why?
DEBUG main uas.facerecognition.lblda.lib.PCASubspaceGenerator - Calling Garbage Collector...
DEBUG main uas.facerecognition.lblda.lib.PCASubspaceGenerator - Computing Covariance Matrix
DEBUG main uas.facerecognition.lblda.lib.PCASubspaceGenerator - Computing eigenvectors...
DEBUG main uas.facerecognition.lblda.lib.PCASubspaceGenerator - EigenVector total length: 1048576. Columns: 1024
DEBUG main uas.facerecognition.lblda.lib.PCASubspaceGenerator - Eigen Values: 1024,1024
DEBUG main uas.facerecognition.lblda.lib.PCASubspaceGenerator - Cleaning using Garbage Collector...
DEBUG main uas.facerecognition.lblda.lib.PCASubspaceGenerator - Saving subspace data...
DEBUG main uas.facerecognition.lblda.lib.PCASubspaceGenerator - SUBSPACE_PCA,1024,1024,1024,1048576,1024
DEBUG main uas.facerecognition.lblda.lib.PCASubspaceGenerator - Sorting SubspceAxes and AxesCriteria Function in descending order..
DEBUG main uas.facerecognition.lblda.lib.PCASubspaceGenerator - Normalizing Subspaces..
DEBUG main uas.facerecognition.lblda.lib.PCASubspaceGenerator - Trimming Subspaces to 13232 length.
DEBUG main uas.facerecognition.lblda.lib.LDASubspaceGenerator - Projecting samples into low-dimensional subspace...
DEBUG main uas.facerecognition.lblda.lib.LDASubspaceGenerator - Getting Beetween-class and Within-class variance matrices...
DEBUG main uas.facerecognition.lblda.lib.SampleContainer - Calling Garbage Collector in SampleContainer...
DEBUG main uas.facerecognition.lblda.lib.LDASubspaceGenerator - Computing generalized eigenvectors...
DEBUG main uas.facerecognition.lblda.lib.LDASubspaceGenerator - Generalized EigenVector total length: 40000. Columns: 200
DEBUG main uas.facerecognition.lblda.lib.LDASubspaceGenerator - Generalized Eigen Values: 1 and  Rows: 200
DEBUG main uas.facerecognition.lblda.lib.LDASubspaceGenerator - Computing final subspace...
DEBUG main uas.facerecognition.lblda.lib.LDASubspaceGenerator - Saving final subspace of SUBSPACE_LDA
DEBUG main uas.facerecognition.lblda.lib.LDASubspaceGenerator - Sorting SubspceAxes and AxesCriteria Function in descending order..
DEBUG main uas.facerecognition.lblda.lib.LDASubspaceGenerator - Normalizing Subspaces..
DEBUG main uas.facerecognition.lblda.lib.LDASubspaceGenerator - Trimming Subspaces to 5748 length.
DEBUG main uas.facerecognition.lblda.lib.local.LocalSubspaceGenerator - Generating Subspace for DescriptorIndex:1. Total sample size: 13233
DEBUG main uas.facerecognition.lblda.lib.LDASubspaceGenerator - LDASubspace Generator loaded..
DEBUG main uas.facerecognition.lblda.lib.LDASubspaceGenerator - Performing PCA first. why?
DEBUG main uas.facerecognition.lblda.lib.PCASubspaceGenerator - Calling Garbage Collector...
DEBUG main uas.facerecognition.lblda.lib.PCASubspaceGenerator - Computing Covariance Matrix
DEBUG main uas.facerecognition.lblda.lib.PCASubspaceGenerator - Computing eigenvectors...
DEBUG main uas.facerecognition.lblda.lib.PCASubspaceGenerator - EigenVector total length: 1048576. Columns: 1024
DEBUG main uas.facerecognition.lblda.lib.PCASubspaceGenerator - Eigen Values: 1024,1024
DEBUG main uas.facerecognition.lblda.lib.PCASubspaceGenerator - Cleaning using Garbage Collector...
DEBUG main uas.facerecognition.lblda.lib.PCASubspaceGenerator - Saving subspace data...
DEBUG main uas.facerecognition.lblda.lib.PCASubspaceGenerator - SUBSPACE_PCA,1024,1024,1024,1048576,1024
DEBUG main uas.facerecognition.lblda.lib.PCASubspaceGenerator - Sorting SubspceAxes and AxesCriteria Function in descending order..
DEBUG main uas.facerecognition.lblda.lib.PCASubspaceGenerator - Normalizing Subspaces..
DEBUG main uas.facerecognition.lblda.lib.PCASubspaceGenerator - Trimming Subspaces to 13232 length.
DEBUG main uas.facerecognition.lblda.lib.LDASubspaceGenerator - Projecting samples into low-dimensional subspace...
DEBUG main uas.facerecognition.lblda.lib.LDASubspaceGenerator - Getting Beetween-class and Within-class variance matrices...
DEBUG main uas.facerecognition.lblda.lib.SampleContainer - Calling Garbage Collector in SampleContainer...
DEBUG main uas.facerecognition.lblda.lib.LDASubspaceGenerator - Computing generalized eigenvectors...
DEBUG main uas.facerecognition.lblda.lib.LDASubspaceGenerator - Generalized EigenVector total length: 40000. Columns: 200
DEBUG main uas.facerecognition.lblda.lib.LDASubspaceGenerator - Generalized Eigen Values: 1 and  Rows: 200
DEBUG main uas.facerecognition.lblda.lib.LDASubspaceGenerator - Computing final subspace...
DEBUG main uas.facerecognition.lblda.lib.LDASubspaceGenerator - Saving final subspace of SUBSPACE_LDA
DEBUG main uas.facerecognition.lblda.lib.LDASubspaceGenerator - Sorting SubspceAxes and AxesCriteria Function in descending order..
DEBUG main uas.facerecognition.lblda.lib.LDASubspaceGenerator - Normalizing Subspaces..
DEBUG main uas.facerecognition.lblda.lib.LDASubspaceGenerator - Trimming Subspaces to 5748 length.
DEBUG main uas.facerecognition.lblda.lib.local.LocalSubspaceGenerator - Generating Subspace for DescriptorIndex:2. Total sample size: 13233
DEBUG main uas.facerecognition.lblda.lib.LDASubspaceGenerator - LDASubspace Generator loaded..
DEBUG main uas.facerecognition.lblda.lib.LDASubspaceGenerator - Performing PCA first. why?
DEBUG main uas.facerecognition.lblda.lib.PCASubspaceGenerator - Calling Garbage Collector...
DEBUG main uas.facerecognition.lblda.lib.PCASubspaceGenerator - Computing Covariance Matrix
DEBUG main uas.facerecognition.lblda.lib.PCASubspaceGenerator - Computing eigenvectors...
DEBUG main uas.facerecognition.lblda.lib.PCASubspaceGenerator - EigenVector total length: 1048576. Columns: 1024
DEBUG main uas.facerecognition.lblda.lib.PCASubspaceGenerator - Eigen Values: 1024,1024
DEBUG main uas.facerecognition.lblda.lib.PCASubspaceGenerator - Cleaning using Garbage Collector...
DEBUG main uas.facerecognition.lblda.lib.PCASubspaceGenerator - Saving subspace data...
DEBUG main uas.facerecognition.lblda.lib.PCASubspaceGenerator - SUBSPACE_PCA,1024,1024,1024,1048576,1024
DEBUG main uas.facerecognition.lblda.lib.PCASubspaceGenerator - Sorting SubspceAxes and AxesCriteria Function in descending order..
DEBUG main uas.facerecognition.lblda.lib.PCASubspaceGenerator - Normalizing Subspaces..
DEBUG main uas.facerecognition.lblda.lib.PCASubspaceGenerator - Trimming Subspaces to 13232 length.
DEBUG main uas.facerecognition.lblda.lib.LDASubspaceGenerator - Projecting samples into low-dimensional subspace...
DEBUG main uas.facerecognition.lblda.lib.LDASubspaceGenerator - Getting Beetween-class and Within-class variance matrices...
DEBUG main uas.facerecognition.lblda.lib.SampleContainer - Calling Garbage Collector in SampleContainer...
DEBUG main uas.facerecognition.lblda.lib.LDASubspaceGenerator - Computing generalized eigenvectors...
DEBUG main uas.facerecognition.lblda.lib.LDASubspaceGenerator - Generalized EigenVector total length: 40000. Columns: 200
DEBUG main uas.facerecognition.lblda.lib.LDASubspaceGenerator - Generalized Eigen Values: 1 and  Rows: 200
DEBUG main uas.facerecognition.lblda.lib.LDASubspaceGenerator - Computing final subspace...
DEBUG main uas.facerecognition.lblda.lib.LDASubspaceGenerator - Saving final subspace of SUBSPACE_LDA
DEBUG main uas.facerecognition.lblda.lib.LDASubspaceGenerator - Sorting SubspceAxes and AxesCriteria Function in descending order..
DEBUG main uas.facerecognition.lblda.lib.LDASubspaceGenerator - Normalizing Subspaces..
DEBUG main uas.facerecognition.lblda.lib.LDASubspaceGenerator - Trimming Subspaces to 5748 length.
DEBUG main uas.facerecognition.lblda.lib.local.LocalSubspaceGenerator - Generating Subspace for DescriptorIndex:3. Total sample size: 13233
DEBUG main uas.facerecognition.lblda.lib.LDASubspaceGenerator - LDASubspace Generator loaded..
DEBUG main uas.facerecognition.lblda.lib.LDASubspaceGenerator - Performing PCA first. why?
DEBUG main uas.facerecognition.lblda.lib.PCASubspaceGenerator - Calling Garbage Collector...
DEBUG main uas.facerecognition.lblda.lib.PCASubspaceGenerator - Computing Covariance Matrix
DEBUG main uas.facerecognition.lblda.lib.PCASubspaceGenerator - Computing eigenvectors...
DEBUG main uas.facerecognition.lblda.lib.PCASubspaceGenerator - EigenVector total length: 1048576. Columns: 1024
DEBUG main uas.facerecognition.lblda.lib.PCASubspaceGenerator - Eigen Values: 1024,1024
DEBUG main uas.facerecognition.lblda.lib.PCASubspaceGenerator - Cleaning using Garbage Collector...
DEBUG main uas.facerecognition.lblda.lib.PCASubspaceGenerator - Saving subspace data...
DEBUG main uas.facerecognition.lblda.lib.PCASubspaceGenerator - SUBSPACE_PCA,1024,1024,1024,1048576,1024
DEBUG main uas.facerecognition.lblda.lib.PCASubspaceGenerator - Sorting SubspceAxes and AxesCriteria Function in descending order..
DEBUG main uas.facerecognition.lblda.lib.PCASubspaceGenerator - Normalizing Subspaces..
DEBUG main uas.facerecognition.lblda.lib.PCASubspaceGenerator - Trimming Subspaces to 13232 length.
DEBUG main uas.facerecognition.lblda.lib.LDASubspaceGenerator - Projecting samples into low-dimensional subspace...
DEBUG main uas.facerecognition.lblda.lib.LDASubspaceGenerator - Getting Beetween-class and Within-class variance matrices...
DEBUG main uas.facerecognition.lblda.lib.SampleContainer - Calling Garbage Collector in SampleContainer...
DEBUG main uas.facerecognition.lblda.lib.LDASubspaceGenerator - Computing generalized eigenvectors...
DEBUG main uas.facerecognition.lblda.lib.LDASubspaceGenerator - Generalized EigenVector total length: 40000. Columns: 200
DEBUG main uas.facerecognition.lblda.lib.LDASubspaceGenerator - Generalized Eigen Values: 1 and  Rows: 200
DEBUG main uas.facerecognition.lblda.lib.LDASubspaceGenerator - Computing final subspace...
DEBUG main uas.facerecognition.lblda.lib.LDASubspaceGenerator - Saving final subspace of SUBSPACE_LDA
DEBUG main uas.facerecognition.lblda.lib.LDASubspaceGenerator - Sorting SubspceAxes and AxesCriteria Function in descending order..
DEBUG main uas.facerecognition.lblda.lib.LDASubspaceGenerator - Normalizing Subspaces..
DEBUG main uas.facerecognition.lblda.lib.LDASubspaceGenerator - Trimming Subspaces to 5748 length.
DEBUG main uas.facerecognition.lblda.lib.local.LocalSubspaceGenerator - Generating Subspace for DescriptorIndex:4. Total sample size: 13233
DEBUG main uas.facerecognition.lblda.lib.LDASubspaceGenerator - LDASubspace Generator loaded..
DEBUG main uas.facerecognition.lblda.lib.LDASubspaceGenerator - Performing PCA first. why?
DEBUG main uas.facerecognition.lblda.lib.PCASubspaceGenerator - Calling Garbage Collector...
DEBUG main uas.facerecognition.lblda.lib.PCASubspaceGenerator - Computing Covariance Matrix
DEBUG main uas.facerecognition.lblda.lib.PCASubspaceGenerator - Computing eigenvectors...
DEBUG main uas.facerecognition.lblda.lib.PCASubspaceGenerator - EigenVector total length: 1048576. Columns: 1024
DEBUG main uas.facerecognition.lblda.lib.PCASubspaceGenerator - Eigen Values: 1024,1024
DEBUG main uas.facerecognition.lblda.lib.PCASubspaceGenerator - Cleaning using Garbage Collector...
DEBUG main uas.facerecognition.lblda.lib.PCASubspaceGenerator - Saving subspace data...
DEBUG main uas.facerecognition.lblda.lib.PCASubspaceGenerator - SUBSPACE_PCA,1024,1024,1024,1048576,1024
DEBUG main uas.facerecognition.lblda.lib.PCASubspaceGenerator - Sorting SubspceAxes and AxesCriteria Function in descending order..
DEBUG main uas.facerecognition.lblda.lib.PCASubspaceGenerator - Normalizing Subspaces..
DEBUG main uas.facerecognition.lblda.lib.PCASubspaceGenerator - Trimming Subspaces to 13232 length.
DEBUG main uas.facerecognition.lblda.lib.LDASubspaceGenerator - Projecting samples into low-dimensional subspace...
DEBUG main uas.facerecognition.lblda.lib.LDASubspaceGenerator - Getting Beetween-class and Within-class variance matrices...
DEBUG main uas.facerecognition.lblda.lib.SampleContainer - Calling Garbage Collector in SampleContainer...
DEBUG main uas.facerecognition.lblda.lib.LDASubspaceGenerator - Computing generalized eigenvectors...
DEBUG main uas.facerecognition.lblda.lib.LDASubspaceGenerator - Generalized EigenVector total length: 40000. Columns: 200
DEBUG main uas.facerecognition.lblda.lib.LDASubspaceGenerator - Generalized Eigen Values: 1 and  Rows: 200
DEBUG main uas.facerecognition.lblda.lib.LDASubspaceGenerator - Computing final subspace...
DEBUG main uas.facerecognition.lblda.lib.LDASubspaceGenerator - Saving final subspace of SUBSPACE_LDA
DEBUG main uas.facerecognition.lblda.lib.LDASubspaceGenerator - Sorting SubspceAxes and AxesCriteria Function in descending order..
DEBUG main uas.facerecognition.lblda.lib.LDASubspaceGenerator - Normalizing Subspaces..
DEBUG main uas.facerecognition.lblda.lib.LDASubspaceGenerator - Trimming Subspaces to 5748 length.
DEBUG main uas.facerecognition.lblda.lib.local.LocalSubspaceGenerator - Generating Subspace for DescriptorIndex:5. Total sample size: 13233
DEBUG main uas.facerecognition.lblda.lib.LDASubspaceGenerator - LDASubspace Generator loaded..
DEBUG main uas.facerecognition.lblda.lib.LDASubspaceGenerator - Performing PCA first. why?
DEBUG main uas.facerecognition.lblda.lib.PCASubspaceGenerator - Calling Garbage Collector...
DEBUG main uas.facerecognition.lblda.lib.PCASubspaceGenerator - Computing Covariance Matrix
DEBUG main uas.facerecognition.lblda.lib.PCASubspaceGenerator - Computing eigenvectors...
DEBUG main uas.facerecognition.lblda.lib.PCASubspaceGenerator - EigenVector total length: 1048576. Columns: 1024
DEBUG main uas.facerecognition.lblda.lib.PCASubspaceGenerator - Eigen Values: 1024,1024
DEBUG main uas.facerecognition.lblda.lib.PCASubspaceGenerator - Cleaning using Garbage Collector...
DEBUG main uas.facerecognition.lblda.lib.PCASubspaceGenerator - Saving subspace data...
DEBUG main uas.facerecognition.lblda.lib.PCASubspaceGenerator - SUBSPACE_PCA,1024,1024,1024,1048576,1024
DEBUG main uas.facerecognition.lblda.lib.PCASubspaceGenerator - Sorting SubspceAxes and AxesCriteria Function in descending order..
DEBUG main uas.facerecognition.lblda.lib.PCASubspaceGenerator - Normalizing Subspaces..
DEBUG main uas.facerecognition.lblda.lib.PCASubspaceGenerator - Trimming Subspaces to 13232 length.
DEBUG main uas.facerecognition.lblda.lib.LDASubspaceGenerator - Projecting samples into low-dimensional subspace...
DEBUG main uas.facerecognition.lblda.lib.LDASubspaceGenerator - Getting Beetween-class and Within-class variance matrices...
DEBUG main uas.facerecognition.lblda.lib.SampleContainer - Calling Garbage Collector in SampleContainer...
DEBUG main uas.facerecognition.lblda.lib.LDASubspaceGenerator - Computing generalized eigenvectors...
DEBUG main uas.facerecognition.lblda.lib.LDASubspaceGenerator - Generalized EigenVector total length: 40000. Columns: 200
DEBUG main uas.facerecognition.lblda.lib.LDASubspaceGenerator - Generalized Eigen Values: 1 and  Rows: 200
DEBUG main uas.facerecognition.lblda.lib.LDASubspaceGenerator - Computing final subspace...
DEBUG main uas.facerecognition.lblda.lib.LDASubspaceGenerator - Saving final subspace of SUBSPACE_LDA
DEBUG main uas.facerecognition.lblda.lib.LDASubspaceGenerator - Sorting SubspceAxes and AxesCriteria Function in descending order..
DEBUG main uas.facerecognition.lblda.lib.LDASubspaceGenerator - Normalizing Subspaces..
DEBUG main uas.facerecognition.lblda.lib.LDASubspaceGenerator - Trimming Subspaces to 5748 length.
DEBUG main uas.facerecognition.lblda.lib.local.LocalSubspaceGenerator - Generating Subspace for DescriptorIndex:6. Total sample size: 13233
DEBUG main uas.facerecognition.lblda.lib.LDASubspaceGenerator - LDASubspace Generator loaded..
DEBUG main uas.facerecognition.lblda.lib.LDASubspaceGenerator - Performing PCA first. why?
DEBUG main uas.facerecognition.lblda.lib.PCASubspaceGenerator - Calling Garbage Collector...
DEBUG main uas.facerecognition.lblda.lib.PCASubspaceGenerator - Computing Covariance Matrix
DEBUG main uas.facerecognition.lblda.lib.PCASubspaceGenerator - Computing eigenvectors...
DEBUG main uas.facerecognition.lblda.lib.PCASubspaceGenerator - EigenVector total length: 1048576. Columns: 1024
DEBUG main uas.facerecognition.lblda.lib.PCASubspaceGenerator - Eigen Values: 1024,1024
DEBUG main uas.facerecognition.lblda.lib.PCASubspaceGenerator - Cleaning using Garbage Collector...
DEBUG main uas.facerecognition.lblda.lib.PCASubspaceGenerator - Saving subspace data...
DEBUG main uas.facerecognition.lblda.lib.PCASubspaceGenerator - SUBSPACE_PCA,1024,1024,1024,1048576,1024
DEBUG main uas.facerecognition.lblda.lib.PCASubspaceGenerator - Sorting SubspceAxes and AxesCriteria Function in descending order..
DEBUG main uas.facerecognition.lblda.lib.PCASubspaceGenerator - Normalizing Subspaces..
DEBUG main uas.facerecognition.lblda.lib.PCASubspaceGenerator - Trimming Subspaces to 13232 length.
DEBUG main uas.facerecognition.lblda.lib.LDASubspaceGenerator - Projecting samples into low-dimensional subspace...
DEBUG main uas.facerecognition.lblda.lib.LDASubspaceGenerator - Getting Beetween-class and Within-class variance matrices...
DEBUG main uas.facerecognition.lblda.lib.SampleContainer - Calling Garbage Collector in SampleContainer...
DEBUG main uas.facerecognition.lblda.lib.LDASubspaceGenerator - Computing generalized eigenvectors...
DEBUG main uas.facerecognition.lblda.lib.LDASubspaceGenerator - Generalized EigenVector total length: 40000. Columns: 200
DEBUG main uas.facerecognition.lblda.lib.LDASubspaceGenerator - Generalized Eigen Values: 1 and  Rows: 200
DEBUG main uas.facerecognition.lblda.lib.LDASubspaceGenerator - Computing final subspace...
DEBUG main uas.facerecognition.lblda.lib.LDASubspaceGenerator - Saving final subspace of SUBSPACE_LDA
DEBUG main uas.facerecognition.lblda.lib.LDASubspaceGenerator - Sorting SubspceAxes and AxesCriteria Function in descending order..
DEBUG main uas.facerecognition.lblda.lib.LDASubspaceGenerator - Normalizing Subspaces..
DEBUG main uas.facerecognition.lblda.lib.LDASubspaceGenerator - Trimming Subspaces to 5748 length.
DEBUG main uas.facerecognition.lblda.lib.local.LocalSubspaceGenerator - Generating Subspace for DescriptorIndex:7. Total sample size: 13233
DEBUG main uas.facerecognition.lblda.lib.LDASubspaceGenerator - LDASubspace Generator loaded..
DEBUG main uas.facerecognition.lblda.lib.LDASubspaceGenerator - Performing PCA first. why?
DEBUG main uas.facerecognition.lblda.lib.PCASubspaceGenerator - Calling Garbage Collector...
DEBUG main uas.facerecognition.lblda.lib.PCASubspaceGenerator - Computing Covariance Matrix
DEBUG main uas.facerecognition.lblda.lib.PCASubspaceGenerator - Computing eigenvectors...
DEBUG main uas.facerecognition.lblda.lib.PCASubspaceGenerator - EigenVector total length: 1048576. Columns: 1024
DEBUG main uas.facerecognition.lblda.lib.PCASubspaceGenerator - Eigen Values: 1024,1024
DEBUG main uas.facerecognition.lblda.lib.PCASubspaceGenerator - Cleaning using Garbage Collector...
DEBUG main uas.facerecognition.lblda.lib.PCASubspaceGenerator - Saving subspace data...
DEBUG main uas.facerecognition.lblda.lib.PCASubspaceGenerator - SUBSPACE_PCA,1024,1024,1024,1048576,1024
DEBUG main uas.facerecognition.lblda.lib.PCASubspaceGenerator - Sorting SubspceAxes and AxesCriteria Function in descending order..
DEBUG main uas.facerecognition.lblda.lib.PCASubspaceGenerator - Normalizing Subspaces..
DEBUG main uas.facerecognition.lblda.lib.PCASubspaceGenerator - Trimming Subspaces to 13232 length.
DEBUG main uas.facerecognition.lblda.lib.LDASubspaceGenerator - Projecting samples into low-dimensional subspace...
DEBUG main uas.facerecognition.lblda.lib.LDASubspaceGenerator - Getting Beetween-class and Within-class variance matrices...
DEBUG main uas.facerecognition.lblda.lib.SampleContainer - Calling Garbage Collector in SampleContainer...
DEBUG main uas.facerecognition.lblda.lib.LDASubspaceGenerator - Computing generalized eigenvectors...
DEBUG main uas.facerecognition.lblda.lib.LDASubspaceGenerator - Generalized EigenVector total length: 40000. Columns: 200
DEBUG main uas.facerecognition.lblda.lib.LDASubspaceGenerator - Generalized Eigen Values: 1 and  Rows: 200
DEBUG main uas.facerecognition.lblda.lib.LDASubspaceGenerator - Computing final subspace...
DEBUG main uas.facerecognition.lblda.lib.LDASubspaceGenerator - Saving final subspace of SUBSPACE_LDA
DEBUG main uas.facerecognition.lblda.lib.LDASubspaceGenerator - Sorting SubspceAxes and AxesCriteria Function in descending order..
DEBUG main uas.facerecognition.lblda.lib.LDASubspaceGenerator - Normalizing Subspaces..
DEBUG main uas.facerecognition.lblda.lib.LDASubspaceGenerator - Trimming Subspaces to 5748 length.
INFO main uas.facerecognition.lblda.lib.local.LocalSubspaceGenerator - mearging Local subspaces of regions
DEBUG main uas.facerecognition.lblda.Main - OpenCV library loaded successfully
INFO main uas.facerecognition.lblda.Main - Subspace Generation start..
DEBUG main uas.facerecognition.lblda.LBLDATrainer - Total samples loaded in to system: 13233
INFO main uas.facerecognition.lblda.LBLDATrainer - Creating Subspace
INFO main uas.facerecognition.lblda.lib.local.LocalSubspaceGenerator - Generating Subspace
INFO main uas.facerecognition.lblda.lib.local.LocalSubspaceGenerator - init Local Descriptor
DEBUG main uas.facerecognition.lblda.lib.local.LocalSubspaceGenerator - LocalDescriptor size :8
INFO main uas.facerecognition.lblda.lib.local.LocalSubspaceGenerator - Creating Local subspaces for regions
DEBUG main uas.facerecognition.lblda.lib.local.LocalSubspaceGenerator - Generating Subspace for DescriptorIndex:0. Total sample size: 13233
DEBUG main uas.facerecognition.lblda.lib.LDASubspaceGenerator - LDASubspace Generator loaded..
DEBUG main uas.facerecognition.lblda.lib.LDASubspaceGenerator - Performing PCA first. why?
DEBUG main uas.facerecognition.lblda.lib.PCASubspaceGenerator - Calling Garbage Collector...
DEBUG main uas.facerecognition.lblda.lib.PCASubspaceGenerator - Computing Covariance Matrix
DEBUG main uas.facerecognition.lblda.lib.PCASubspaceGenerator - Computing eigenvectors...
DEBUG main uas.facerecognition.lblda.lib.PCASubspaceGenerator - EigenVector total length: 1048576. Columns: 1024
DEBUG main uas.facerecognition.lblda.lib.PCASubspaceGenerator - Eigen Values: 1024,1024
DEBUG main uas.facerecognition.lblda.lib.PCASubspaceGenerator - Cleaning using Garbage Collector...
DEBUG main uas.facerecognition.lblda.lib.PCASubspaceGenerator - Saving subspace data...
DEBUG main uas.facerecognition.lblda.lib.PCASubspaceGenerator - SUBSPACE_PCA,1024,1024,1024,1048576,1024
DEBUG main uas.facerecognition.lblda.lib.PCASubspaceGenerator - Sorting SubspceAxes and AxesCriteria Function in descending order..
DEBUG main uas.facerecognition.lblda.lib.PCASubspaceGenerator - Normalizing Subspaces..
DEBUG main uas.facerecognition.lblda.lib.PCASubspaceGenerator - Trimming Subspaces to 13232 length.
DEBUG main uas.facerecognition.lblda.lib.LDASubspaceGenerator - Projecting samples into low-dimensional subspace...
DEBUG main uas.facerecognition.lblda.lib.LDASubspaceGenerator - Getting Beetween-class and Within-class variance matrices...
DEBUG main uas.facerecognition.lblda.lib.SampleContainer - Calling Garbage Collector in SampleContainer...
DEBUG main uas.facerecognition.lblda.lib.LDASubspaceGenerator - Computing generalized eigenvectors...
DEBUG main uas.facerecognition.lblda.lib.LDASubspaceGenerator - Generalized EigenVector total length: 40000. Columns: 200
DEBUG main uas.facerecognition.lblda.lib.LDASubspaceGenerator - Generalized Eigen Values: 1 and  Rows: 200
DEBUG main uas.facerecognition.lblda.lib.LDASubspaceGenerator - Computing final subspace...
DEBUG main uas.facerecognition.lblda.lib.LDASubspaceGenerator - Saving final subspace of SUBSPACE_LDA
DEBUG main uas.facerecognition.lblda.lib.LDASubspaceGenerator - Sorting SubspceAxes and AxesCriteria Function in descending order..
DEBUG main uas.facerecognition.lblda.lib.LDASubspaceGenerator - Normalizing Subspaces..
DEBUG main uas.facerecognition.lblda.lib.LDASubspaceGenerator - Trimming Subspaces to 5748 length.
DEBUG main uas.facerecognition.lblda.lib.local.LocalSubspaceGenerator - Generating Subspace for DescriptorIndex:1. Total sample size: 13233
DEBUG main uas.facerecognition.lblda.lib.LDASubspaceGenerator - LDASubspace Generator loaded..
DEBUG main uas.facerecognition.lblda.lib.LDASubspaceGenerator - Performing PCA first. why?
DEBUG main uas.facerecognition.lblda.lib.PCASubspaceGenerator - Calling Garbage Collector...
DEBUG main uas.facerecognition.lblda.lib.PCASubspaceGenerator - Computing Covariance Matrix
DEBUG main uas.facerecognition.lblda.lib.PCASubspaceGenerator - Computing eigenvectors...
DEBUG main uas.facerecognition.lblda.lib.PCASubspaceGenerator - EigenVector total length: 1048576. Columns: 1024
DEBUG main uas.facerecognition.lblda.lib.PCASubspaceGenerator - Eigen Values: 1024,1024
DEBUG main uas.facerecognition.lblda.lib.PCASubspaceGenerator - Cleaning using Garbage Collector...
DEBUG main uas.facerecognition.lblda.lib.PCASubspaceGenerator - Saving subspace data...
DEBUG main uas.facerecognition.lblda.lib.PCASubspaceGenerator - SUBSPACE_PCA,1024,1024,1024,1048576,1024
DEBUG main uas.facerecognition.lblda.lib.PCASubspaceGenerator - Sorting SubspceAxes and AxesCriteria Function in descending order..
DEBUG main uas.facerecognition.lblda.lib.PCASubspaceGenerator - Normalizing Subspaces..
DEBUG main uas.facerecognition.lblda.lib.PCASubspaceGenerator - Trimming Subspaces to 13232 length.
DEBUG main uas.facerecognition.lblda.lib.LDASubspaceGenerator - Projecting samples into low-dimensional subspace...
DEBUG main uas.facerecognition.lblda.lib.LDASubspaceGenerator - Getting Beetween-class and Within-class variance matrices...
DEBUG main uas.facerecognition.lblda.lib.SampleContainer - Calling Garbage Collector in SampleContainer...
DEBUG main uas.facerecognition.lblda.lib.LDASubspaceGenerator - Computing generalized eigenvectors...
DEBUG main uas.facerecognition.lblda.lib.LDASubspaceGenerator - Generalized EigenVector total length: 40000. Columns: 200
DEBUG main uas.facerecognition.lblda.lib.LDASubspaceGenerator - Generalized Eigen Values: 1 and  Rows: 200
DEBUG main uas.facerecognition.lblda.lib.LDASubspaceGenerator - Computing final subspace...
DEBUG main uas.facerecognition.lblda.lib.LDASubspaceGenerator - Saving final subspace of SUBSPACE_LDA
DEBUG main uas.facerecognition.lblda.lib.LDASubspaceGenerator - Sorting SubspceAxes and AxesCriteria Function in descending order..
DEBUG main uas.facerecognition.lblda.lib.LDASubspaceGenerator - Normalizing Subspaces..
DEBUG main uas.facerecognition.lblda.lib.LDASubspaceGenerator - Trimming Subspaces to 5748 length.
DEBUG main uas.facerecognition.lblda.lib.local.LocalSubspaceGenerator - Generating Subspace for DescriptorIndex:2. Total sample size: 13233
DEBUG main uas.facerecognition.lblda.lib.LDASubspaceGenerator - LDASubspace Generator loaded..
DEBUG main uas.facerecognition.lblda.lib.LDASubspaceGenerator - Performing PCA first. why?
DEBUG main uas.facerecognition.lblda.lib.PCASubspaceGenerator - Calling Garbage Collector...
DEBUG main uas.facerecognition.lblda.lib.PCASubspaceGenerator - Computing Covariance Matrix
DEBUG main uas.facerecognition.lblda.lib.PCASubspaceGenerator - Computing eigenvectors...
DEBUG main uas.facerecognition.lblda.lib.PCASubspaceGenerator - EigenVector total length: 1048576. Columns: 1024
DEBUG main uas.facerecognition.lblda.lib.PCASubspaceGenerator - Eigen Values: 1024,1024
DEBUG main uas.facerecognition.lblda.lib.PCASubspaceGenerator - Cleaning using Garbage Collector...
DEBUG main uas.facerecognition.lblda.lib.PCASubspaceGenerator - Saving subspace data...
DEBUG main uas.facerecognition.lblda.lib.PCASubspaceGenerator - SUBSPACE_PCA,1024,1024,1024,1048576,1024
DEBUG main uas.facerecognition.lblda.lib.PCASubspaceGenerator - Sorting SubspceAxes and AxesCriteria Function in descending order..
DEBUG main uas.facerecognition.lblda.lib.PCASubspaceGenerator - Normalizing Subspaces..
DEBUG main uas.facerecognition.lblda.lib.PCASubspaceGenerator - Trimming Subspaces to 13232 length.
DEBUG main uas.facerecognition.lblda.lib.LDASubspaceGenerator - Projecting samples into low-dimensional subspace...
DEBUG main uas.facerecognition.lblda.lib.LDASubspaceGenerator - Getting Beetween-class and Within-class variance matrices...
DEBUG main uas.facerecognition.lblda.lib.SampleContainer - Calling Garbage Collector in SampleContainer...
DEBUG main uas.facerecognition.lblda.lib.LDASubspaceGenerator - Computing generalized eigenvectors...
DEBUG main uas.facerecognition.lblda.lib.LDASubspaceGenerator - Generalized EigenVector total length: 40000. Columns: 200
DEBUG main uas.facerecognition.lblda.lib.LDASubspaceGenerator - Generalized Eigen Values: 1 and  Rows: 200
DEBUG main uas.facerecognition.lblda.lib.LDASubspaceGenerator - Computing final subspace...
DEBUG main uas.facerecognition.lblda.lib.LDASubspaceGenerator - Saving final subspace of SUBSPACE_LDA
DEBUG main uas.facerecognition.lblda.lib.LDASubspaceGenerator - Sorting SubspceAxes and AxesCriteria Function in descending order..
DEBUG main uas.facerecognition.lblda.lib.LDASubspaceGenerator - Normalizing Subspaces..
DEBUG main uas.facerecognition.lblda.lib.LDASubspaceGenerator - Trimming Subspaces to 5748 length.
DEBUG main uas.facerecognition.lblda.lib.local.LocalSubspaceGenerator - Generating Subspace for DescriptorIndex:3. Total sample size: 13233
DEBUG main uas.facerecognition.lblda.lib.LDASubspaceGenerator - LDASubspace Generator loaded..
DEBUG main uas.facerecognition.lblda.lib.LDASubspaceGenerator - Performing PCA first. why?
DEBUG main uas.facerecognition.lblda.lib.PCASubspaceGenerator - Calling Garbage Collector...
DEBUG main uas.facerecognition.lblda.lib.PCASubspaceGenerator - Computing Covariance Matrix
DEBUG main uas.facerecognition.lblda.lib.PCASubspaceGenerator - Computing eigenvectors...
DEBUG main uas.facerecognition.lblda.lib.PCASubspaceGenerator - EigenVector total length: 1048576. Columns: 1024
DEBUG main uas.facerecognition.lblda.lib.PCASubspaceGenerator - Eigen Values: 1024,1024
DEBUG main uas.facerecognition.lblda.lib.PCASubspaceGenerator - Cleaning using Garbage Collector...
DEBUG main uas.facerecognition.lblda.lib.PCASubspaceGenerator - Saving subspace data...
DEBUG main uas.facerecognition.lblda.lib.PCASubspaceGenerator - SUBSPACE_PCA,1024,1024,1024,1048576,1024
DEBUG main uas.facerecognition.lblda.lib.PCASubspaceGenerator - Sorting SubspceAxes and AxesCriteria Function in descending order..
DEBUG main uas.facerecognition.lblda.lib.PCASubspaceGenerator - Normalizing Subspaces..
DEBUG main uas.facerecognition.lblda.lib.PCASubspaceGenerator - Trimming Subspaces to 13232 length.
DEBUG main uas.facerecognition.lblda.lib.LDASubspaceGenerator - Projecting samples into low-dimensional subspace...
DEBUG main uas.facerecognition.lblda.lib.LDASubspaceGenerator - Getting Beetween-class and Within-class variance matrices...
DEBUG main uas.facerecognition.lblda.lib.SampleContainer - Calling Garbage Collector in SampleContainer...
DEBUG main uas.facerecognition.lblda.lib.LDASubspaceGenerator - Computing generalized eigenvectors...
DEBUG main uas.facerecognition.lblda.lib.LDASubspaceGenerator - Generalized EigenVector total length: 40000. Columns: 200
DEBUG main uas.facerecognition.lblda.lib.LDASubspaceGenerator - Generalized Eigen Values: 1 and  Rows: 200
DEBUG main uas.facerecognition.lblda.lib.LDASubspaceGenerator - Computing final subspace...
DEBUG main uas.facerecognition.lblda.lib.LDASubspaceGenerator - Saving final subspace of SUBSPACE_LDA
DEBUG main uas.facerecognition.lblda.lib.LDASubspaceGenerator - Sorting SubspceAxes and AxesCriteria Function in descending order..
DEBUG main uas.facerecognition.lblda.lib.LDASubspaceGenerator - Normalizing Subspaces..
DEBUG main uas.facerecognition.lblda.lib.LDASubspaceGenerator - Trimming Subspaces to 5748 length.
DEBUG main uas.facerecognition.lblda.lib.local.LocalSubspaceGenerator - Generating Subspace for DescriptorIndex:4. Total sample size: 13233
DEBUG main uas.facerecognition.lblda.lib.LDASubspaceGenerator - LDASubspace Generator loaded..
DEBUG main uas.facerecognition.lblda.lib.LDASubspaceGenerator - Performing PCA first. why?
DEBUG main uas.facerecognition.lblda.lib.PCASubspaceGenerator - Calling Garbage Collector...
DEBUG main uas.facerecognition.lblda.lib.PCASubspaceGenerator - Computing Covariance Matrix
DEBUG main uas.facerecognition.lblda.lib.PCASubspaceGenerator - Computing eigenvectors...
DEBUG main uas.facerecognition.lblda.lib.PCASubspaceGenerator - EigenVector total length: 1048576. Columns: 1024
DEBUG main uas.facerecognition.lblda.lib.PCASubspaceGenerator - Eigen Values: 1024,1024
DEBUG main uas.facerecognition.lblda.lib.PCASubspaceGenerator - Cleaning using Garbage Collector...
DEBUG main uas.facerecognition.lblda.lib.PCASubspaceGenerator - Saving subspace data...
DEBUG main uas.facerecognition.lblda.lib.PCASubspaceGenerator - SUBSPACE_PCA,1024,1024,1024,1048576,1024
DEBUG main uas.facerecognition.lblda.lib.PCASubspaceGenerator - Sorting SubspceAxes and AxesCriteria Function in descending order..
DEBUG main uas.facerecognition.lblda.lib.PCASubspaceGenerator - Normalizing Subspaces..
DEBUG main uas.facerecognition.lblda.lib.PCASubspaceGenerator - Trimming Subspaces to 13232 length.
DEBUG main uas.facerecognition.lblda.lib.LDASubspaceGenerator - Projecting samples into low-dimensional subspace...
DEBUG main uas.facerecognition.lblda.lib.LDASubspaceGenerator - Getting Beetween-class and Within-class variance matrices...
DEBUG main uas.facerecognition.lblda.lib.SampleContainer - Calling Garbage Collector in SampleContainer...
DEBUG main uas.facerecognition.lblda.lib.LDASubspaceGenerator - Computing generalized eigenvectors...
DEBUG main uas.facerecognition.lblda.lib.LDASubspaceGenerator - Generalized EigenVector total length: 40000. Columns: 200
DEBUG main uas.facerecognition.lblda.lib.LDASubspaceGenerator - Generalized Eigen Values: 1 and  Rows: 200
DEBUG main uas.facerecognition.lblda.lib.LDASubspaceGenerator - Computing final subspace...
DEBUG main uas.facerecognition.lblda.lib.LDASubspaceGenerator - Saving final subspace of SUBSPACE_LDA
DEBUG main uas.facerecognition.lblda.lib.LDASubspaceGenerator - Sorting SubspceAxes and AxesCriteria Function in descending order..
DEBUG main uas.facerecognition.lblda.lib.LDASubspaceGenerator - Normalizing Subspaces..
DEBUG main uas.facerecognition.lblda.lib.LDASubspaceGenerator - Trimming Subspaces to 5748 length.
DEBUG main uas.facerecognition.lblda.lib.local.LocalSubspaceGenerator - Generating Subspace for DescriptorIndex:5. Total sample size: 13233
DEBUG main uas.facerecognition.lblda.lib.LDASubspaceGenerator - LDASubspace Generator loaded..
DEBUG main uas.facerecognition.lblda.lib.LDASubspaceGenerator - Performing PCA first. why?
DEBUG main uas.facerecognition.lblda.lib.PCASubspaceGenerator - Calling Garbage Collector...
DEBUG main uas.facerecognition.lblda.lib.PCASubspaceGenerator - Computing Covariance Matrix
DEBUG main uas.facerecognition.lblda.lib.PCASubspaceGenerator - Computing eigenvectors...
DEBUG main uas.facerecognition.lblda.lib.PCASubspaceGenerator - EigenVector total length: 1048576. Columns: 1024
DEBUG main uas.facerecognition.lblda.lib.PCASubspaceGenerator - Eigen Values: 1024,1024
DEBUG main uas.facerecognition.lblda.lib.PCASubspaceGenerator - Cleaning using Garbage Collector...
DEBUG main uas.facerecognition.lblda.lib.PCASubspaceGenerator - Saving subspace data...
DEBUG main uas.facerecognition.lblda.lib.PCASubspaceGenerator - SUBSPACE_PCA,1024,1024,1024,1048576,1024
DEBUG main uas.facerecognition.lblda.lib.PCASubspaceGenerator - Sorting SubspceAxes and AxesCriteria Function in descending order..
DEBUG main uas.facerecognition.lblda.lib.PCASubspaceGenerator - Normalizing Subspaces..
DEBUG main uas.facerecognition.lblda.lib.PCASubspaceGenerator - Trimming Subspaces to 13232 length.
DEBUG main uas.facerecognition.lblda.lib.LDASubspaceGenerator - Projecting samples into low-dimensional subspace...
DEBUG main uas.facerecognition.lblda.lib.LDASubspaceGenerator - Getting Beetween-class and Within-class variance matrices...
DEBUG main uas.facerecognition.lblda.lib.SampleContainer - Calling Garbage Collector in SampleContainer...
DEBUG main uas.facerecognition.lblda.lib.LDASubspaceGenerator - Computing generalized eigenvectors...
DEBUG main uas.facerecognition.lblda.lib.LDASubspaceGenerator - Generalized EigenVector total length: 40000. Columns: 200
DEBUG main uas.facerecognition.lblda.lib.LDASubspaceGenerator - Generalized Eigen Values: 1 and  Rows: 200
DEBUG main uas.facerecognition.lblda.lib.LDASubspaceGenerator - Computing final subspace...
DEBUG main uas.facerecognition.lblda.lib.LDASubspaceGenerator - Saving final subspace of SUBSPACE_LDA
DEBUG main uas.facerecognition.lblda.lib.LDASubspaceGenerator - Sorting SubspceAxes and AxesCriteria Function in descending order..
DEBUG main uas.facerecognition.lblda.lib.LDASubspaceGenerator - Normalizing Subspaces..
DEBUG main uas.facerecognition.lblda.lib.LDASubspaceGenerator - Trimming Subspaces to 5748 length.
DEBUG main uas.facerecognition.lblda.lib.local.LocalSubspaceGenerator - Generating Subspace for DescriptorIndex:6. Total sample size: 13233
DEBUG main uas.facerecognition.lblda.lib.LDASubspaceGenerator - LDASubspace Generator loaded..
DEBUG main uas.facerecognition.lblda.lib.LDASubspaceGenerator - Performing PCA first. why?
DEBUG main uas.facerecognition.lblda.lib.PCASubspaceGenerator - Calling Garbage Collector...
DEBUG main uas.facerecognition.lblda.lib.PCASubspaceGenerator - Computing Covariance Matrix
DEBUG main uas.facerecognition.lblda.lib.PCASubspaceGenerator - Computing eigenvectors...
DEBUG main uas.facerecognition.lblda.lib.PCASubspaceGenerator - EigenVector total length: 1048576. Columns: 1024
DEBUG main uas.facerecognition.lblda.lib.PCASubspaceGenerator - Eigen Values: 1024,1024
DEBUG main uas.facerecognition.lblda.lib.PCASubspaceGenerator - Cleaning using Garbage Collector...
DEBUG main uas.facerecognition.lblda.lib.PCASubspaceGenerator - Saving subspace data...
DEBUG main uas.facerecognition.lblda.lib.PCASubspaceGenerator - SUBSPACE_PCA,1024,1024,1024,1048576,1024
DEBUG main uas.facerecognition.lblda.lib.PCASubspaceGenerator - Sorting SubspceAxes and AxesCriteria Function in descending order..
DEBUG main uas.facerecognition.lblda.lib.PCASubspaceGenerator - Normalizing Subspaces..
DEBUG main uas.facerecognition.lblda.lib.PCASubspaceGenerator - Trimming Subspaces to 13232 length.
DEBUG main uas.facerecognition.lblda.lib.LDASubspaceGenerator - Projecting samples into low-dimensional subspace...
DEBUG main uas.facerecognition.lblda.lib.LDASubspaceGenerator - Getting Beetween-class and Within-class variance matrices...
DEBUG main uas.facerecognition.lblda.lib.SampleContainer - Calling Garbage Collector in SampleContainer...
DEBUG main uas.facerecognition.lblda.lib.LDASubspaceGenerator - Computing generalized eigenvectors...
DEBUG main uas.facerecognition.lblda.lib.LDASubspaceGenerator - Generalized EigenVector total length: 40000. Columns: 200
DEBUG main uas.facerecognition.lblda.lib.LDASubspaceGenerator - Generalized Eigen Values: 1 and  Rows: 200
DEBUG main uas.facerecognition.lblda.lib.LDASubspaceGenerator - Computing final subspace...
DEBUG main uas.facerecognition.lblda.lib.LDASubspaceGenerator - Saving final subspace of SUBSPACE_LDA
DEBUG main uas.facerecognition.lblda.lib.LDASubspaceGenerator - Sorting SubspceAxes and AxesCriteria Function in descending order..
DEBUG main uas.facerecognition.lblda.lib.LDASubspaceGenerator - Normalizing Subspaces..
DEBUG main uas.facerecognition.lblda.lib.LDASubspaceGenerator - Trimming Subspaces to 5748 length.
DEBUG main uas.facerecognition.lblda.lib.local.LocalSubspaceGenerator - Generating Subspace for DescriptorIndex:7. Total sample size: 13233
DEBUG main uas.facerecognition.lblda.lib.LDASubspaceGenerator - LDASubspace Generator loaded..
DEBUG main uas.facerecognition.lblda.lib.LDASubspaceGenerator - Performing PCA first. why?
DEBUG main uas.facerecognition.lblda.lib.PCASubspaceGenerator - Calling Garbage Collector...
DEBUG main uas.facerecognition.lblda.lib.PCASubspaceGenerator - Computing Covariance Matrix
DEBUG main uas.facerecognition.lblda.lib.PCASubspaceGenerator - Computing eigenvectors...
DEBUG main uas.facerecognition.lblda.lib.PCASubspaceGenerator - EigenVector total length: 1048576. Columns: 1024
DEBUG main uas.facerecognition.lblda.lib.PCASubspaceGenerator - Eigen Values: 1024,1024
DEBUG main uas.facerecognition.lblda.lib.PCASubspaceGenerator - Cleaning using Garbage Collector...
DEBUG main uas.facerecognition.lblda.lib.PCASubspaceGenerator - Saving subspace data...
DEBUG main uas.facerecognition.lblda.lib.PCASubspaceGenerator - SUBSPACE_PCA,1024,1024,1024,1048576,1024
DEBUG main uas.facerecognition.lblda.lib.PCASubspaceGenerator - Sorting SubspceAxes and AxesCriteria Function in descending order..
DEBUG main uas.facerecognition.lblda.lib.PCASubspaceGenerator - Normalizing Subspaces..
DEBUG main uas.facerecognition.lblda.lib.PCASubspaceGenerator - Trimming Subspaces to 13232 length.
DEBUG main uas.facerecognition.lblda.lib.LDASubspaceGenerator - Projecting samples into low-dimensional subspace...
DEBUG main uas.facerecognition.lblda.lib.LDASubspaceGenerator - Getting Beetween-class and Within-class variance matrices...
DEBUG main uas.facerecognition.lblda.lib.SampleContainer - Calling Garbage Collector in SampleContainer...
DEBUG main uas.facerecognition.lblda.lib.LDASubspaceGenerator - Computing generalized eigenvectors...
DEBUG main uas.facerecognition.lblda.lib.LDASubspaceGenerator - Generalized EigenVector total length: 40000. Columns: 200
DEBUG main uas.facerecognition.lblda.lib.LDASubspaceGenerator - Generalized Eigen Values: 1 and  Rows: 200
DEBUG main uas.facerecognition.lblda.lib.LDASubspaceGenerator - Computing final subspace...
DEBUG main uas.facerecognition.lblda.lib.LDASubspaceGenerator - Saving final subspace of SUBSPACE_LDA
DEBUG main uas.facerecognition.lblda.lib.LDASubspaceGenerator - Sorting SubspceAxes and AxesCriteria Function in descending order..
DEBUG main uas.facerecognition.lblda.lib.LDASubspaceGenerator - Normalizing Subspaces..
DEBUG main uas.facerecognition.lblda.lib.LDASubspaceGenerator - Trimming Subspaces to 5748 length.
INFO main uas.facerecognition.lblda.lib.local.LocalSubspaceGenerator - mearging Local subspaces of regions
INFO main uas.facerecognition.lblda.Main - Subspace Generatiion finished in -329.977 sec
INFO main uas.facerecognition.lblda.Main - OpenCV library loaded successfully
INFO main uas.facerecognition.lblda.Main - Subspace Generation start..
INFO main uas.facerecognition.lblda.Main - Subspace Generatiion finished in 350.846 sec
INFO main uas.facerecognition.lblda.Main - OpenCV library loaded successfully
INFO main uas.facerecognition.lblda.Main - Subspace Generation start..
INFO main uas.facerecognition.lblda.Main - Subspace Generatiion finished in 10.775 sec
INFO main uas.facerecognition.lblda.Main - OpenCV library loaded successfully
INFO main uas.facerecognition.lblda.Main - Subspace Generation start..
INFO main uas.facerecognition.lblda.Main - Subspace Generatiion finished in 119.812 sec
